Arguments: 
  /Users/gueda/.nvm/versions/node/v8.9.3/bin/node /usr/local/Cellar/yarn/1.3.2/libexec/bin/yarn.js start

PATH: 
  /Users/gueda/.nvm/versions/node/v8.9.3/bin:/Users/gueda/.rvm/gems/ruby-2.3.5/bin:/Users/gueda/.rvm/gems/ruby-2.3.5@global/bin:/Users/gueda/.rvm/rubies/ruby-2.3.5/bin:/usr/local/bin:/usr/bin:/bin:/usr/sbin:/sbin:/opt/X11/bin:/Users/gueda/dev/apache-maven-3.3.3/bin:/Users/gueda/clojure:/Users/gueda/.rvm/bin:/Users/gueda/.rvm/bin:/Users/gueda/.rvm/bin

Yarn version: 
  1.3.2

Node version: 
  8.9.3

Platform: 
  darwin x64

npm manifest: 
  {
    "name": "frontend-lekker-jar",
    "version": "0.0.1",
    "main": "src/index.js",
    "scripts": {
      "build:dev": "webpack --progress --colors -d --env=dev",
      "build:uat": "webpack --progress --colors -d --env=uat",
      "build:prod": "webpack --define process.env.NODE_ENV='\"production\"' --progress --colors --env=prod",
      "start": "webpack-dev-server --port 8081 --progress --colors -d --env=dev",
      "lint-js": "eslint --config .eslintrc.json ./src",
      "lint-css": "yarn run stylelint src/**/*.scss src/**/**/*.scss --syntax scss",
      "test": "nyc mocha -c --require babel-register --require test/hooks/css-modules-compiler.js -r ./test/.setup.js --require babel-polyfill --recursive ./test/unit",
      "functional-test": "mocha -c --timeout 90000 --require babel-register --require test/hooks/css-modules-compiler.js --require babel-polyfill -r ./test/.setup.js --recursive ./test/functional",
      "test:watch": "yarn test -- --watch",
      "css-regression": "backstop test"
    },
  }

yarn manifest: 
  No manifest

Lockfile: 
  No lockfile

Trace: 
  SyntaxError: /Users/gueda/lekkerJarReact/package.json: Unexpected token } in JSON at position 993
      at JSON.parse (<anonymous>)
      at /usr/local/Cellar/yarn/1.3.2/libexec/lib/cli.js:770:59
      at Generator.next (<anonymous>)
      at step (/usr/local/Cellar/yarn/1.3.2/libexec/lib/cli.js:92:30)
      at /usr/local/Cellar/yarn/1.3.2/libexec/lib/cli.js:103:13
      at <anonymous>
